                   label = final-gt
                strategy = final
               data_path = ../data/geometry3k
    text_logic_form_path = ../data/geometry3k/logic_forms/text_logic_forms_annot_dissolved.json
 diagram_logic_form_path = ../data/geometry3k/logic_forms/diagram_logic_forms_annot.json
           use_annotated = True
            predict_path = ../theorem_predict/results/test/pred_seq_result_bart_epoch19_seq5.json
             start_index = 2401
               end_index = 2403
              time_limit = 150
             num_threads = 20
               low_first = True
              step_limit = 100
              debug_mode = False
            enable_round = False
          enable_predict = True

{'pid': 2401, 'target': ['Area', 'A', 'B', 'C'], 'guess': 60.0, 'correctness': 'yes', 'steps': 0, 'step_lst': [], 'time': 0.78}
{'pid': 2402, 'target': ['Value', 'O', 'X'], 'guess': 5.0, 'correctness': 'yes', 'steps': 1, 'step_lst': [16], 'time': 1.94}
{'pid': 2403, 'target': ['Value', 'x'], 'guess': 18.80912807335914, 'correctness': 'yes', 'steps': 28, 'step_lst': [17, 1, 2, 3, 4, 5, 6, 7, 8, 9, 10, 11, 1, 2, 3, 4, 5, 6, 7, 8, 9, 10, 11, 12, 13, 14, 15, 16], 'time': 1.81}

Solved list:  [2401, 2402, 2403]
Solved and correct list:  [2401, 2402, 2403]
Solved but wrong list:  []
Unsolved list:  []

num_solved: 3 (100.00%)
num_solved_correct: 3 (100.00%)
num_solved_wrong: 0 (0.00%)
num_guessed_correct: 3.0 (100.00%)

Average steps for all problems: 9.67
Average steps for solved problems: 9.67
Average time for all problems: 1.51 seconds
Average time for solved problems: 1.51 seconds
Real total time: 5 seconds
