                   label = final-gt
                strategy = final
               data_path = ../data/geometry3k
    text_logic_form_path = ../data/geometry3k/logic_forms/text_logic_forms_annot_dissolved.json
 diagram_logic_form_path = ../data/geometry3k/logic_forms/diagram_logic_forms_annot.json
           use_annotated = True
            predict_path = ../theorem_predict/results/test/pred_seq_result_bart_epoch19_seq5.json
             start_index = 2401
               end_index = 2401
              time_limit = 150
             num_threads = 20
               low_first = True
              step_limit = 100
              debug_mode = False
            enable_round = False
          enable_predict = True

{'pid': 2401, 'target': ['Area', 'A', 'B', 'C'], 'guess': 60.0, 'correctness': 'yes', 'steps': 0, 'step_lst': [], 'time': 0.47}

Solved list:  [2401]
Solved and correct list:  [2401]
Solved but wrong list:  []
Unsolved list:  []

num_solved: 1 (100.00%)
num_solved_correct: 1 (100.00%)
num_solved_wrong: 0 (0.00%)
num_guessed_correct: 1.0 (100.00%)

Average steps for all problems: 0.00
Average steps for solved problems: 0.00
Average time for all problems: 0.47 seconds
Average time for solved problems: 0.47 seconds
Real total time: 3 seconds
